1672751219787	geckodriver	INFO	Listening on 127.0.0.1:59240
1672751219854	mozrunner::runner	INFO	Running command: "/Applications/Firefox.app/Contents/MacOS/firefox-bin" "--marionette" "--remote-debugging-port" "59241" "--remote-allow-hosts" "localhost" "-foreground" "-no-remote" "-profile" "/var/folders/99/2pk7hzps1xjg4ty7x5c0343h0000gn/T/rust_mozprofilekVuSWl"
1672751220669	Marionette	INFO	Marionette enabled
1672751220731	Marionette	INFO	Listening on port 59257
WebDriver BiDi listening on ws://127.0.0.1:59241
2023-01-03 23:07:00.803 plugin-container[33955:379624] nil host used in call to allowsSpecificHTTPSCertificateForHost
2023-01-03 23:07:00.804 plugin-container[33955:379624] nil host used in call to allowsAnyHTTPSCertificateForHost:
Read port: 59257
1672751220925	RemoteAgent	WARN	TLS certificate errors will be ignored for this session
2023-01-03 23:07:00.990 plugin-container[33955:379624] nil host used in call to allowsSpecificHTTPSCertificateForHost
2023-01-03 23:07:00.990 plugin-container[33955:379624] nil host used in call to allowsAnyHTTPSCertificateForHost:
2023-01-03 23:07:00.990 plugin-container[33955:379627] nil host used in call to allowsSpecificHTTPSCertificateForHost
2023-01-03 23:07:00.990 plugin-container[33955:379627] nil host used in call to allowsAnyHTTPSCertificateForHost:
UNSUPPORTED (log once): POSSIBLE ISSUE: unit 1 GLD_TEXTURE_INDEX_2D is unloadable and bound to sampler type (Float) - using zero texture because texture unloadable
console.warn: SearchSettings: "get: No settings file exists, new profile?" (new NotFoundError("Could not open the file at /var/folders/99/2pk7hzps1xjg4ty7x5c0343h0000gn/T/rust_mozprofilekVuSWl/search.json.mozlz4", (void 0)))
DevTools listening on ws://127.0.0.1:59241/devtools/browser/36e2a146-6a3f-4a9c-8c51-472269725ac4
JavaScript warning: https://www.google.com/maps/_/js/k=maps.m.en_AU.VB_fAwVXM1A.2019.O/m=sc2,per,mo,lp,ep,ti,ds,stx,pwd,dw,ppl,log,std,b/am=O0CGgA/rt=j/d=1/rs=ACT90oEPCcc4ycgyffp_PzRw6e_SXcCxoA, line 3670: WEBGL_debug_renderer_info is deprecated in Firefox and will be removed. Please use RENDERER.
JavaScript warning: , line 0: WebGL warning: texSubImage: Texture has not been initialized prior to a partial upload, forcing the browser to clear it. This may be slow.
JavaScript warning: , line 0: WebGL warning: texSubImage: Tex image TEXTURE_2D level 0 is incurring lazy initialization.
JavaScript warning: , line 0: WebGL warning: texSubImage: Texture has not been initialized prior to a partial upload, forcing the browser to clear it. This may be slow.
JavaScript warning: , line 0: WebGL warning: texSubImage: Tex image TEXTURE_2D level 0 is incurring lazy initialization.
JavaScript warning: , line 0: WebGL warning: texSubImage: Texture has not been initialized prior to a partial upload, forcing the browser to clear it. This may be slow.
JavaScript warning: , line 0: WebGL warning: texSubImage: Tex image TEXTURE_2D level 0 is incurring lazy initialization.
JavaScript warning: , line 0: WebGL warning: texSubImage: Texture has not been initialized prior to a partial upload, forcing the browser to clear it. This may be slow.
JavaScript warning: , line 0: WebGL warning: texSubImage: Tex image TEXTURE_2D level 0 is incurring lazy initialization.
JavaScript warning: , line 0: WebGL warning: texSubImage: Texture has not been initialized prior to a partial upload, forcing the browser to clear it. This may be slow.
JavaScript warning: , line 0: WebGL warning: texSubImage: Tex image TEXTURE_2D level 0 is incurring lazy initialization.
JavaScript warning: , line 0: WebGL warning: texSubImage: Texture has not been initialized prior to a partial upload, forcing the browser to clear it. This may be slow.
JavaScript warning: , line 0: WebGL warning: texSubImage: Tex image TEXTURE_2D level 0 is incurring lazy initialization.
JavaScript warning: , line 0: WebGL warning: copyTexSubImage: Texture has not been initialized prior to a partial upload, forcing the browser to clear it. This may be slow.
JavaScript warning: , line 0: WebGL warning: copyTexSubImage: Tex image TEXTURE_2D level 0 is incurring lazy initialization.
console.error: services.settings: 
  security-state/cert-revocations Signature failed  TypeError: NetworkError: Network request failed
console.error: services.settings: 
  Message: NetworkError: Network error: TypeError: NetworkError: Network request failed
  Stack:
    APIError@resource://services-settings/RemoteSettingsClient.jsm:116:1
NetworkError@resource://services-settings/RemoteSettingsClient.jsm:120:5
_adjustedError@resource://services-settings/RemoteSettingsClient.jsm:878:14
maybeSync@resource://services-settings/RemoteSettingsClient.jsm:783:38

console.error: services.settings: 
  security-state/intermediates Signature failed  TypeError: NetworkError: Network request failed
console.error: services.settings: 
  Message: NetworkError: Network error: TypeError: NetworkError: Network request failed
  Stack:
    APIError@resource://services-settings/RemoteSettingsClient.jsm:116:1
NetworkError@resource://services-settings/RemoteSettingsClient.jsm:120:5
_adjustedError@resource://services-settings/RemoteSettingsClient.jsm:878:14
maybeSync@resource://services-settings/RemoteSettingsClient.jsm:783:38

1672751872935	geckodriver	INFO	Listening on 127.0.0.1:62087
1672751873283	mozrunner::runner	INFO	Running command: "/Applications/Firefox.app/Contents/MacOS/firefox-bin" "--marionette" "--remote-debugging-port" "62088" "--remote-allow-hosts" "localhost" "-foreground" "-no-remote" "-profile" "/var/folders/99/2pk7hzps1xjg4ty7x5c0343h0000gn/T/rust_mozprofilel0SUC9"
1672751873875	Marionette	INFO	Marionette enabled
2023-01-03 23:17:53.891 plugin-container[34431:387209] nil host used in call to allowsSpecificHTTPSCertificateForHost
2023-01-03 23:17:53.893 plugin-container[34431:387209] nil host used in call to allowsAnyHTTPSCertificateForHost:
1672751873910	Marionette	INFO	Listening on port 62099
WebDriver BiDi listening on ws://127.0.0.1:62088
Read port: 62099
2023-01-03 23:17:54.026 plugin-container[34431:387209] nil host used in call to allowsSpecificHTTPSCertificateForHost
2023-01-03 23:17:54.026 plugin-container[34431:387209] nil host used in call to allowsAnyHTTPSCertificateForHost:
2023-01-03 23:17:54.026 plugin-container[34431:387212] nil host used in call to allowsSpecificHTTPSCertificateForHost
2023-01-03 23:17:54.026 plugin-container[34431:387212] nil host used in call to allowsAnyHTTPSCertificateForHost:
1672751874179	RemoteAgent	WARN	TLS certificate errors will be ignored for this session
UNSUPPORTED (log once): POSSIBLE ISSUE: unit 1 GLD_TEXTURE_INDEX_2D is unloadable and bound to sampler type (Float) - using zero texture because texture unloadable
console.warn: SearchSettings: "get: No settings file exists, new profile?" (new NotFoundError("Could not open the file at /var/folders/99/2pk7hzps1xjg4ty7x5c0343h0000gn/T/rust_mozprofilel0SUC9/search.json.mozlz4", (void 0)))
DevTools listening on ws://127.0.0.1:62088/devtools/browser/004dacf9-248a-4540-aadf-1774d370fa48
JavaScript warning: https://www.google.com/maps/_/js/k=maps.m.en_AU.VB_fAwVXM1A.2019.O/m=sc2,per,mo,lp,ep,ti,ds,stx,pwd,dw,ppl,log,std,b/am=O0CGgA/rt=j/d=1/rs=ACT90oEPCcc4ycgyffp_PzRw6e_SXcCxoA, line 3670: WEBGL_debug_renderer_info is deprecated in Firefox and will be removed. Please use RENDERER.
JavaScript warning: , line 0: WebGL warning: texSubImage: Texture has not been initialized prior to a partial upload, forcing the browser to clear it. This may be slow.
JavaScript warning: , line 0: WebGL warning: texSubImage: Tex image TEXTURE_2D level 0 is incurring lazy initialization.
JavaScript warning: , line 0: WebGL warning: texSubImage: Texture has not been initialized prior to a partial upload, forcing the browser to clear it. This may be slow.
JavaScript warning: , line 0: WebGL warning: texSubImage: Tex image TEXTURE_2D level 0 is incurring lazy initialization.
JavaScript warning: , line 0: WebGL warning: texSubImage: Texture has not been initialized prior to a partial upload, forcing the browser to clear it. This may be slow.
JavaScript warning: , line 0: WebGL warning: texSubImage: Tex image TEXTURE_2D level 0 is incurring lazy initialization.
JavaScript warning: , line 0: WebGL warning: texSubImage: Texture has not been initialized prior to a partial upload, forcing the browser to clear it. This may be slow.
JavaScript warning: , line 0: WebGL warning: texSubImage: Tex image TEXTURE_2D level 0 is incurring lazy initialization.
JavaScript warning: , line 0: WebGL warning: texSubImage: Texture has not been initialized prior to a partial upload, forcing the browser to clear it. This may be slow.
JavaScript warning: , line 0: WebGL warning: texSubImage: Tex image TEXTURE_2D level 0 is incurring lazy initialization.
JavaScript warning: , line 0: WebGL warning: texSubImage: Texture has not been initialized prior to a partial upload, forcing the browser to clear it. This may be slow.
JavaScript warning: , line 0: WebGL warning: texSubImage: Tex image TEXTURE_2D level 0 is incurring lazy initialization.
JavaScript warning: , line 0: WebGL warning: copyTexSubImage: Texture has not been initialized prior to a partial upload, forcing the browser to clear it. This may be slow.
JavaScript warning: , line 0: WebGL warning: copyTexSubImage: Tex image TEXTURE_2D level 0 is incurring lazy initialization.
1672752389631	geckodriver	INFO	Listening on 127.0.0.1:64267
1672752390007	mozrunner::runner	INFO	Running command: "/Applications/Firefox.app/Contents/MacOS/firefox-bin" "--marionette" "--remote-debugging-port" "64268" "--remote-allow-hosts" "localhost" "-foreground" "-no-remote" "-profile" "/var/folders/99/2pk7hzps1xjg4ty7x5c0343h0000gn/T/rust_mozprofileiYeFmA"
1672752390600	Marionette	INFO	Marionette enabled
1672752390641	Marionette	INFO	Listening on port 64279
WebDriver BiDi listening on ws://127.0.0.1:64268
2023-01-03 23:26:30.730 plugin-container[34772:392319] nil host used in call to allowsSpecificHTTPSCertificateForHost
2023-01-03 23:26:30.731 plugin-container[34772:392319] nil host used in call to allowsAnyHTTPSCertificateForHost:
Read port: 64279
2023-01-03 23:26:30.820 plugin-container[34772:392319] nil host used in call to allowsSpecificHTTPSCertificateForHost
2023-01-03 23:26:30.820 plugin-container[34772:392319] nil host used in call to allowsAnyHTTPSCertificateForHost:
2023-01-03 23:26:30.820 plugin-container[34772:392377] nil host used in call to allowsSpecificHTTPSCertificateForHost
2023-01-03 23:26:30.820 plugin-container[34772:392377] nil host used in call to allowsAnyHTTPSCertificateForHost:
1672752390906	RemoteAgent	WARN	TLS certificate errors will be ignored for this session
UNSUPPORTED (log once): POSSIBLE ISSUE: unit 1 GLD_TEXTURE_INDEX_2D is unloadable and bound to sampler type (Float) - using zero texture because texture unloadable
console.warn: SearchSettings: "get: No settings file exists, new profile?" (new NotFoundError("Could not open the file at /var/folders/99/2pk7hzps1xjg4ty7x5c0343h0000gn/T/rust_mozprofileiYeFmA/search.json.mozlz4", (void 0)))
DevTools listening on ws://127.0.0.1:64268/devtools/browser/74366c36-8f7b-412b-8ea7-121704322f2f
Exiting due to channel error.
Exiting due to channel error.
Exiting due to channel error.
1672752397052	Marionette	INFO	Stopped listening on port 62099
1672752399042	Marionette	INFO	Stopped listening on port 59257
1672753581228	geckodriver	INFO	Listening on 127.0.0.1:52568
1672753581633	mozrunner::runner	INFO	Running command: "/Applications/Firefox.app/Contents/MacOS/firefox-bin" "--marionette" "--remote-debugging-port" "52569" "--remote-allow-hosts" "localhost" "-foreground" "-no-remote" "-profile" "/var/folders/99/2pk7hzps1xjg4ty7x5c0343h0000gn/T/rust_mozprofilelXGBuH"
2023-01-03 23:46:22.112 plugin-container[36152:408338] nil host used in call to allowsSpecificHTTPSCertificateForHost
2023-01-03 23:46:22.113 plugin-container[36152:408338] nil host used in call to allowsAnyHTTPSCertificateForHost:
2023-01-03 23:46:22.115 plugin-container[36152:408338] nil host used in call to allowsSpecificHTTPSCertificateForHost
2023-01-03 23:46:22.115 plugin-container[36152:408338] nil host used in call to allowsAnyHTTPSCertificateForHost:
2023-01-03 23:46:22.115 plugin-container[36152:408346] nil host used in call to allowsSpecificHTTPSCertificateForHost
2023-01-03 23:46:22.115 plugin-container[36152:408346] nil host used in call to allowsAnyHTTPSCertificateForHost:
1672753582205	Marionette	INFO	Marionette enabled
1672753582232	Marionette	INFO	Listening on port 52580
Read port: 52580
WebDriver BiDi listening on ws://127.0.0.1:52569
1672753582360	RemoteAgent	WARN	TLS certificate errors will be ignored for this session
UNSUPPORTED (log once): POSSIBLE ISSUE: unit 1 GLD_TEXTURE_INDEX_2D is unloadable and bound to sampler type (Float) - using zero texture because texture unloadable
console.warn: SearchSettings: "get: No settings file exists, new profile?" (new NotFoundError("Could not open the file at /var/folders/99/2pk7hzps1xjg4ty7x5c0343h0000gn/T/rust_mozprofilelXGBuH/search.json.mozlz4", (void 0)))
DevTools listening on ws://127.0.0.1:52569/devtools/browser/92b1b4ab-9054-4d6d-8378-0063d3263ab3
JavaScript warning: https://www.google.com/maps/_/js/k=maps.m.en_AU.VB_fAwVXM1A.2019.O/m=sc2,per,mo,lp,ep,ti,ds,stx,pwd,dw,ppl,log,std,b/am=O0CGgA/rt=j/d=1/rs=ACT90oEPCcc4ycgyffp_PzRw6e_SXcCxoA, line 3670: WEBGL_debug_renderer_info is deprecated in Firefox and will be removed. Please use RENDERER.
JavaScript warning: , line 0: WebGL warning: texSubImage: Texture has not been initialized prior to a partial upload, forcing the browser to clear it. This may be slow.
JavaScript warning: , line 0: WebGL warning: texSubImage: Tex image TEXTURE_2D level 0 is incurring lazy initialization.
JavaScript warning: , line 0: WebGL warning: texSubImage: Texture has not been initialized prior to a partial upload, forcing the browser to clear it. This may be slow.
JavaScript warning: , line 0: WebGL warning: texSubImage: Tex image TEXTURE_2D level 0 is incurring lazy initialization.
JavaScript warning: , line 0: WebGL warning: texSubImage: Texture has not been initialized prior to a partial upload, forcing the browser to clear it. This may be slow.
JavaScript warning: , line 0: WebGL warning: texSubImage: Tex image TEXTURE_2D level 0 is incurring lazy initialization.
JavaScript warning: , line 0: WebGL warning: texSubImage: Texture has not been initialized prior to a partial upload, forcing the browser to clear it. This may be slow.
JavaScript warning: , line 0: WebGL warning: texSubImage: Tex image TEXTURE_2D level 0 is incurring lazy initialization.
JavaScript warning: , line 0: WebGL warning: texSubImage: Texture has not been initialized prior to a partial upload, forcing the browser to clear it. This may be slow.
JavaScript warning: , line 0: WebGL warning: texSubImage: Tex image TEXTURE_2D level 0 is incurring lazy initialization.
JavaScript warning: , line 0: WebGL warning: texSubImage: Texture has not been initialized prior to a partial upload, forcing the browser to clear it. This may be slow.
JavaScript warning: , line 0: WebGL warning: texSubImage: Tex image TEXTURE_2D level 0 is incurring lazy initialization.
JavaScript warning: , line 0: WebGL warning: copyTexSubImage: Texture has not been initialized prior to a partial upload, forcing the browser to clear it. This may be slow.
JavaScript warning: , line 0: WebGL warning: copyTexSubImage: Tex image TEXTURE_2D level 0 is incurring lazy initialization.
console.error: services.settings: 
  security-state/cert-revocations Signature failed  TypeError: NetworkError: Network request failed
console.error: services.settings: 
  Message: NetworkError: Network error: TypeError: NetworkError: Network request failed
  Stack:
    APIError@resource://services-settings/RemoteSettingsClient.jsm:116:1
NetworkError@resource://services-settings/RemoteSettingsClient.jsm:120:5
_adjustedError@resource://services-settings/RemoteSettingsClient.jsm:878:14
maybeSync@resource://services-settings/RemoteSettingsClient.jsm:783:38

console.error: services.settings: 
  security-state/intermediates Signature failed  TypeError: NetworkError: Network request failed
console.error: services.settings: 
  Message: NetworkError: Network error: TypeError: NetworkError: Network request failed
  Stack:
    APIError@resource://services-settings/RemoteSettingsClient.jsm:116:1
NetworkError@resource://services-settings/RemoteSettingsClient.jsm:120:5
_adjustedError@resource://services-settings/RemoteSettingsClient.jsm:878:14
maybeSync@resource://services-settings/RemoteSettingsClient.jsm:783:38

1672759492316	Marionette	INFO	Stopped listening on port 52580
console.warn: TopSitesFeed: Failed to fetch data from Contile server: NetworkError when attempting to fetch resource.
